<?xml version="1.0" encoding="UTF-8"?>
<testsuite xmlns:xsi="http://www.w3.org/2001/XMLSchema-instance" xsi:noNamespaceSchemaLocation="https://maven.apache.org/surefire/maven-surefire-plugin/xsd/surefire-test-report-3.0.xsd" version="3.0" name="com.bs.TestIntreastService" time="0.058" tests="5" errors="0" skipped="0" failures="0">
  <properties>
[...]
</properties>
  <testcase name="testLoanEligibilityNegative" classname="com.bs.TestIntreastService" time="0.006"/>
  <testcase name="testLoanEligibilityPositve" classname="com.bs.TestIntreastService" time="0.0"/>
  <testcase name="testIntreastComputeForMoreThanFiveYears" classname="com.bs.TestIntreastService" time="0.0"/>
  <testcase name="testIntreastComputeoForNegativeTime" classname="com.bs.TestIntreastService" time="0.0"/>
  <testcase name="testIntreastComputeForLessThanFiveYears" classname="com.bs.TestIntreastService" time="0.0"/>
</testsuite>